2025-02-21 18:42:53,049 - db_helper - INFO - fetch_expenses_for_date called with 2024-08-01
2025-02-22 06:03:34,588 - db_helper - INFO - fetch_expenses_for_date called with 2024-08-01
2025-02-22 06:05:03,141 - db_helper - INFO - fetch_expenses_for_date called with 2024-08-02
2025-02-22 06:13:20,321 - db_helper - INFO - fetch_expenses_for_date called with 2024-08-02
2025-02-22 06:13:27,552 - db_helper - INFO - fetch_expenses_for_date called with 2024-08-01
2025-02-22 06:15:17,177 - db_helper - INFO - fetch_expenses_for_date called with 2024-08-01
2025-02-22 06:16:49,431 - db_helper - INFO - fetch_expenses_for_date called with 2024-08-01
2025-02-22 06:17:20,141 - db_helper - INFO - fetch_expenses_for_date called with 2024-08-01
2025-02-22 06:18:35,761 - db_helper - INFO - fetch_expenses_for_date called with 2024-08-01
2025-02-22 06:21:32,120 - db_helper - INFO - fetch_expenses_for_date called with 2024-08-01
2025-02-22 06:26:20,310 - db_helper - INFO - fetch_expenses_for_date called with 2024-08-01
2025-02-22 06:28:23,493 - db_helper - INFO - fetch_expenses_for_date called with 2024-08-01
2025-02-22 06:28:28,770 - db_helper - INFO - fetch_expenses_for_date called with 2024-08-07
2025-02-22 06:28:33,642 - db_helper - INFO - fetch_expenses_for_date called with 2024-08-02
2025-02-22 06:36:27,803 - db_helper - INFO - fetch_expenses_for_date called with 2024-08-02
2025-02-22 06:36:35,697 - db_helper - INFO - fetch_expenses_for_date called with 2024-08-07
2025-02-22 06:36:55,655 - db_helper - INFO - fetch_expenses_for_date called with 2024-08-07
2025-02-22 06:36:57,771 - db_helper - INFO - delete_expenses_for_date called with 2024-08-07
2025-02-22 06:36:57,806 - db_helper - INFO - insert_expense called with date: 2024-08-07, amount: 200.0, category: Entertainment, notes: EX
2025-02-22 06:37:04,443 - db_helper - INFO - fetch_expenses_for_date called with 2024-08-06
2025-02-22 06:37:08,594 - db_helper - INFO - fetch_expenses_for_date called with 2024-08-07
2025-02-22 06:37:47,001 - db_helper - INFO - fetch_expenses_for_date called with 2024-08-01
2025-02-22 06:37:55,247 - db_helper - INFO - fetch_expenses_for_date called with 2024-08-07
2025-02-22 06:38:07,524 - db_helper - INFO - fetch_expenses_for_date called with 2024-08-07
2025-02-22 06:38:09,580 - db_helper - INFO - delete_expenses_for_date called with 2024-08-07
2025-02-22 06:38:09,593 - db_helper - INFO - insert_expense called with date: 2024-08-07, amount: 200.0, category: Entertainment, notes: EX
2025-02-22 06:41:48,970 - db_helper - INFO - fetch_expenses_for_date called with 2024-08-01
2025-02-22 06:41:53,744 - db_helper - INFO - fetch_expenses_for_date called with 2024-08-07
2025-02-22 06:42:21,618 - db_helper - INFO - fetch_expenses_for_date called with 2024-08-01
2025-02-22 06:42:29,224 - db_helper - INFO - fetch_expenses_for_date called with 2024-08-07
2025-02-22 07:43:15,209 - db_helper - INFO - fetch_expenses_for_date called with 2024-08-07
2025-02-22 07:43:21,876 - db_helper - INFO - fetch_expenses_for_date called with 2024-08-01
2025-02-22 07:47:06,928 - db_helper - INFO - fetch_expenses_for_date called with 2024-08-01
2025-02-22 07:48:23,574 - db_helper - INFO - fetch_expenses_for_date called with 2024-08-01
2025-02-22 07:52:41,508 - db_helper - INFO - fetch_expenses_for_date called with 2024-08-01
2025-02-22 07:52:46,026 - db_helper - INFO - fetch_expenses_for_date called with 2024-08-01
2025-02-22 07:52:48,177 - db_helper - INFO - fetch_expense_summary called with start: 2024-08-01 end: 2024-08-05
2025-02-22 08:00:00,848 - db_helper - INFO - fetch_expenses_for_date called with 2024-08-01
2025-02-22 08:00:27,912 - db_helper - INFO - fetch_expenses_for_date called with 2024-08-01
2025-02-22 08:00:29,988 - db_helper - INFO - fetch_expense_summary called with start: 2024-08-01 end: 2024-08-05
2025-02-22 08:01:30,692 - db_helper - INFO - fetch_expenses_for_date called with 2024-08-01
2025-02-22 08:01:32,748 - db_helper - INFO - fetch_expense_summary called with start: 2024-08-01 end: 2024-08-05
2025-02-22 08:03:38,968 - db_helper - INFO - fetch_expenses_for_date called with 2024-08-01
2025-02-22 08:03:41,010 - db_helper - INFO - fetch_expense_summary called with start: 2024-08-01 end: 2024-08-05
2025-02-22 08:03:57,183 - db_helper - INFO - fetch_expenses_for_date called with 2024-08-01
2025-02-22 08:04:04,671 - db_helper - INFO - fetch_expenses_for_date called with 2024-08-01
2025-02-22 08:04:06,762 - db_helper - INFO - fetch_expense_summary called with start: 2024-08-01 end: 2024-08-07
2025-02-22 09:03:19,989 - db_helper - INFO - fetch_expenses_for_date called with 2024-08-01
2025-02-22 15:22:25,613 - db_helper - INFO - fetch_expenses_for_date called with 2024-08-01
2025-02-22 15:22:32,590 - db_helper - INFO - fetch_expenses_for_date called with 2024-08-01
2025-02-22 15:22:34,670 - db_helper - INFO - fetch_expense_summary called with start: 2024-08-01 end: 2024-08-05
2025-02-22 15:22:46,601 - db_helper - INFO - fetch_expenses_for_date called with 2024-08-01
2025-02-22 15:22:50,725 - db_helper - INFO - fetch_expenses_for_date called with 2024-08-01
2025-02-22 15:22:52,795 - db_helper - INFO - fetch_expense_summary called with start: 2024-08-01 end: 2024-08-07
2025-02-22 15:49:35,977 - db_helper - INFO - fetch_expenses_for_date called with 2024-08-01
2025-02-22 15:49:48,411 - db_helper - INFO - fetch_expenses_for_date called with 2024-08-01
2025-02-22 15:49:50,499 - db_helper - INFO - fetch_expense_summary called with start: 2024-08-01 end: 2024-08-05
2025-02-22 15:50:55,928 - db_helper - INFO - fetch_expenses_for_date called with 2024-08-01
2025-02-22 15:53:04,462 - db_helper - INFO - fetch_expenses_for_date called with 2024-08-01
2025-02-22 15:53:06,532 - db_helper - INFO - fetch analytics by monthis call started
2025-02-22 16:07:02,125 - db_helper - INFO - fetch_expenses_for_date called with 2024-08-01
2025-02-22 16:07:04,231 - db_helper - INFO - fetch analytics by monthis call started
2025-02-22 16:08:02,819 - db_helper - INFO - fetch_expenses_for_date called with 2024-08-01
2025-02-22 16:08:04,903 - db_helper - INFO - fetch analytics by monthis call started
2025-02-22 16:11:49,446 - db_helper - INFO - fetch_expenses_for_date called with 2024-08-01
2025-02-22 16:11:51,539 - db_helper - INFO - fetch analytics by monthis call started
2025-02-22 16:14:32,738 - db_helper - INFO - fetch_expenses_for_date called with 2024-08-01
2025-02-22 16:14:34,807 - db_helper - INFO - fetch analytics by monthis call started
2025-02-22 16:17:02,632 - db_helper - INFO - fetch_expenses_for_date called with 2024-08-01
2025-02-22 16:17:04,701 - db_helper - INFO - fetch analytics by monthis call started
2025-02-22 16:17:47,179 - db_helper - INFO - fetch_expenses_for_date called with 2024-08-01
2025-02-22 16:17:49,252 - db_helper - INFO - fetch analytics by monthis call started
2025-02-22 16:19:03,030 - db_helper - INFO - fetch_expenses_for_date called with 2024-08-01
2025-02-22 16:19:05,114 - db_helper - INFO - fetch analytics by monthis call started
2025-02-22 16:20:54,789 - db_helper - INFO - fetch_expenses_for_date called with 2024-08-01
2025-02-22 16:20:56,881 - db_helper - INFO - fetch analytics by monthis call started
2025-02-22 16:21:08,723 - db_helper - INFO - fetch_expenses_for_date called with 2024-08-01
2025-02-22 16:21:10,811 - db_helper - INFO - fetch_expense_summary called with start: 2024-08-01 end: 2024-08-05
2025-02-22 16:21:12,871 - db_helper - INFO - fetch analytics by monthis call started
2025-02-22 16:22:12,057 - db_helper - INFO - fetch_expenses_for_date called with 2024-08-01
2025-02-22 16:22:14,148 - db_helper - INFO - fetch analytics by monthis call started
2025-02-22 16:22:58,855 - db_helper - INFO - fetch_expenses_for_date called with 2024-08-01
2025-02-22 16:23:00,921 - db_helper - INFO - fetch_expense_summary called with start: 2024-08-01 end: 2024-08-05
2025-02-22 16:23:02,992 - db_helper - INFO - fetch analytics by monthis call started
2025-02-22 16:28:05,336 - db_helper - INFO - fetch_expenses_for_date called with 2024-08-01
2025-02-22 16:28:07,442 - db_helper - INFO - fetch analytics by monthis call started
2025-02-22 16:32:51,072 - db_helper - INFO - fetch_expenses_for_date called with 2024-08-01
2025-02-22 16:32:53,134 - db_helper - INFO - fetch analytics by monthis call started
2025-02-22 16:34:10,821 - db_helper - INFO - fetch_expenses_for_date called with 2024-08-01
2025-02-22 16:34:12,905 - db_helper - INFO - fetch analytics by monthis call started
2025-02-22 16:35:26,775 - db_helper - INFO - fetch_expenses_for_date called with 2024-08-01
2025-02-22 16:35:28,841 - db_helper - INFO - fetch analytics by monthis call started
2025-02-23 08:13:19,495 - db_helper - INFO - fetch_expenses_for_date called with 2024-08-01
2025-02-23 08:13:21,937 - db_helper - INFO - fetch analytics by monthis call started
2025-02-23 08:14:10,037 - db_helper - INFO - fetch_expenses_for_date called with 2024-08-01
2025-02-23 08:14:12,140 - db_helper - INFO - fetch_expense_summary called with start: 2024-08-01 end: 2024-08-05
2025-02-23 08:14:14,238 - db_helper - INFO - fetch analytics by monthis call started
2025-02-23 08:14:36,320 - db_helper - INFO - fetch_expenses_for_date called with 2024-08-01
2025-02-23 08:14:38,423 - db_helper - INFO - fetch analytics by monthis call started
2025-02-23 08:14:42,745 - db_helper - INFO - fetch_expenses_for_date called with 2024-08-01
2025-02-23 08:14:44,844 - db_helper - INFO - fetch_expense_summary called with start: 2024-08-01 end: 2024-08-05
2025-02-23 08:14:46,921 - db_helper - INFO - fetch analytics by monthis call started
